-------------------------------------------------------------------------------
Test set: exceptions.mapper.PlaylistExceptionMapperTest
-------------------------------------------------------------------------------
Tests run: 5, Failures: 0, Errors: 5, Skipped: 0, Time elapsed: 0.002 s <<< FAILURE! - in exceptions.mapper.PlaylistExceptionMapperTest
testToResponseWithDeletePlaylistException  Time elapsed: 0 s  <<< ERROR!
java.lang.RuntimeException: java.lang.ClassNotFoundException: Provider for jakarta.ws.rs.ext.RuntimeDelegate cannot be found
	at exceptions.mapper.PlaylistExceptionMapperTest.testToResponseWithDeletePlaylistException(PlaylistExceptionMapperTest.java:30)
Caused by: java.lang.ClassNotFoundException: Provider for jakarta.ws.rs.ext.RuntimeDelegate cannot be found
	at exceptions.mapper.PlaylistExceptionMapperTest.testToResponseWithDeletePlaylistException(PlaylistExceptionMapperTest.java:30)

testToResponseWithAddPlaylistException  Time elapsed: 0 s  <<< ERROR!
java.lang.RuntimeException: java.lang.ClassNotFoundException: Provider for jakarta.ws.rs.ext.RuntimeDelegate cannot be found
	at exceptions.mapper.PlaylistExceptionMapperTest.testToResponseWithAddPlaylistException(PlaylistExceptionMapperTest.java:19)
Caused by: java.lang.ClassNotFoundException: Provider for jakarta.ws.rs.ext.RuntimeDelegate cannot be found
	at exceptions.mapper.PlaylistExceptionMapperTest.testToResponseWithAddPlaylistException(PlaylistExceptionMapperTest.java:19)

testToResponseWithEditPlaylistException  Time elapsed: 0 s  <<< ERROR!
java.lang.RuntimeException: java.lang.ClassNotFoundException: Provider for jakarta.ws.rs.ext.RuntimeDelegate cannot be found
	at exceptions.mapper.PlaylistExceptionMapperTest.testToResponseWithEditPlaylistException(PlaylistExceptionMapperTest.java:52)
Caused by: java.lang.ClassNotFoundException: Provider for jakarta.ws.rs.ext.RuntimeDelegate cannot be found
	at exceptions.mapper.PlaylistExceptionMapperTest.testToResponseWithEditPlaylistException(PlaylistExceptionMapperTest.java:52)

testToResponseWithOtherException  Time elapsed: 0.001 s  <<< ERROR!
java.lang.RuntimeException: java.lang.ClassNotFoundException: Provider for jakarta.ws.rs.ext.RuntimeDelegate cannot be found
	at exceptions.mapper.PlaylistExceptionMapperTest.testToResponseWithOtherException(PlaylistExceptionMapperTest.java:63)
Caused by: java.lang.ClassNotFoundException: Provider for jakarta.ws.rs.ext.RuntimeDelegate cannot be found
	at exceptions.mapper.PlaylistExceptionMapperTest.testToResponseWithOtherException(PlaylistExceptionMapperTest.java:63)

testToResponseWithGetPlaylistsException  Time elapsed: 0.001 s  <<< ERROR!
java.lang.RuntimeException: java.lang.ClassNotFoundException: Provider for jakarta.ws.rs.ext.RuntimeDelegate cannot be found
	at exceptions.mapper.PlaylistExceptionMapperTest.testToResponseWithGetPlaylistsException(PlaylistExceptionMapperTest.java:41)
Caused by: java.lang.ClassNotFoundException: Provider for jakarta.ws.rs.ext.RuntimeDelegate cannot be found
	at exceptions.mapper.PlaylistExceptionMapperTest.testToResponseWithGetPlaylistsException(PlaylistExceptionMapperTest.java:41)

