-------------------------------------------------------------------------------
Test set: presentation.controllers.PlaylistControllerTest
-------------------------------------------------------------------------------
Tests run: 5, Failures: 0, Errors: 5, Skipped: 0, Time elapsed: 0.036 s <<< FAILURE! - in presentation.controllers.PlaylistControllerTest
deletePlaylistShouldReturnOkResponse  Time elapsed: 0.029 s  <<< ERROR!
java.lang.RuntimeException: java.lang.ClassNotFoundException: Provider for jakarta.ws.rs.ext.RuntimeDelegate cannot be found
	at presentation.controllers.PlaylistControllerTest.deletePlaylistShouldReturnOkResponse(PlaylistControllerTest.java:111)
Caused by: java.lang.ClassNotFoundException: Provider for jakarta.ws.rs.ext.RuntimeDelegate cannot be found
	at presentation.controllers.PlaylistControllerTest.deletePlaylistShouldReturnOkResponse(PlaylistControllerTest.java:111)

editPlaylistShouldReturnOkResponse  Time elapsed: 0.001 s  <<< ERROR!
java.lang.RuntimeException: java.lang.ClassNotFoundException: Provider for jakarta.ws.rs.ext.RuntimeDelegate cannot be found
	at presentation.controllers.PlaylistControllerTest.editPlaylistShouldReturnOkResponse(PlaylistControllerTest.java:94)
Caused by: java.lang.ClassNotFoundException: Provider for jakarta.ws.rs.ext.RuntimeDelegate cannot be found
	at presentation.controllers.PlaylistControllerTest.editPlaylistShouldReturnOkResponse(PlaylistControllerTest.java:94)

getTracksShouldReturnOkResponse  Time elapsed: 0.001 s  <<< ERROR!
java.lang.RuntimeException: java.lang.ClassNotFoundException: Provider for jakarta.ws.rs.ext.RuntimeDelegate cannot be found
	at presentation.controllers.PlaylistControllerTest.getTracksShouldReturnOkResponse(PlaylistControllerTest.java:130)
Caused by: java.lang.ClassNotFoundException: Provider for jakarta.ws.rs.ext.RuntimeDelegate cannot be found
	at presentation.controllers.PlaylistControllerTest.getTracksShouldReturnOkResponse(PlaylistControllerTest.java:130)

addPlaylistShouldReturnOkResponse  Time elapsed: 0.001 s  <<< ERROR!
java.lang.RuntimeException: java.lang.ClassNotFoundException: Provider for jakarta.ws.rs.ext.RuntimeDelegate cannot be found
	at presentation.controllers.PlaylistControllerTest.addPlaylistShouldReturnOkResponse(PlaylistControllerTest.java:76)
Caused by: java.lang.ClassNotFoundException: Provider for jakarta.ws.rs.ext.RuntimeDelegate cannot be found
	at presentation.controllers.PlaylistControllerTest.addPlaylistShouldReturnOkResponse(PlaylistControllerTest.java:76)

getPlaylistsShouldReturnOkResponse  Time elapsed: 0.003 s  <<< ERROR!
java.lang.RuntimeException: java.lang.ClassNotFoundException: Provider for jakarta.ws.rs.ext.RuntimeDelegate cannot be found
	at presentation.controllers.PlaylistControllerTest.getPlaylistsShouldReturnOkResponse(PlaylistControllerTest.java:59)
Caused by: java.lang.ClassNotFoundException: Provider for jakarta.ws.rs.ext.RuntimeDelegate cannot be found
	at presentation.controllers.PlaylistControllerTest.getPlaylistsShouldReturnOkResponse(PlaylistControllerTest.java:59)

